2022-04-16 09:57:08 [info]: 	starting IPFS node for content distribution 
2022-04-16 09:57:12 [info]: 	[object Object] 
2022-04-16 09:57:12 [info]: 	user validated build settings for C:\Users\utkar\Documents\AllDockerCompose\xrpl-nft-creator\output\example1650103028739 
2022-04-16 09:57:12 [info]: 	created build destination: 'C:\Users\utkar\Documents\AllDockerCompose\xrpl-nft-creator\output\example1650103028739' 
2022-04-16 09:57:12 [info]: 	copying date from source 'C:/Users\utkar\Documents\AllDockerCompose\xrpl-nft-creator\input\Example\content' to 'C:\Users\utkar\Documents\AllDockerCompose\xrpl-nft-creator\output\example1650103028739' 
2022-04-16 09:57:12 [info]: 	 
2022-04-16 09:57:12 [info]: 	gathering IPFS CID & SHA256 hashes to add to meta data file... 
2022-04-16 09:57:23 [info]: 	adding '/example1650103028739/example.json' with cid hash '0ec3f9bacebbd71e868f8d04f35dfd0668f1286ab55d62154194eb3226e609bd' to meta data... 
2022-04-16 09:57:23 [info]: 	Init connection to xrp ledger: "wss://s.altnet.rippletest.net" 
2022-04-16 09:57:24 [info]: 	account secret appears valid: 'ss71fBzFpSXMixT6ZBoXNgkFeBo9y' 
2022-04-16 09:57:24 [info]: 	NFT Wallet Address: (Classic)  'rKHx61DGFRZU6SLchLSDRMShFjm6L1BhBu' 
2022-04-16 09:57:24 [info]: 	 
2022-04-16 09:57:24 [info]: 	writting data to meta file: C:\Users\utkar\Documents\AllDockerCompose\xrpl-nft-creator\output\example1650103028739\meta.json 
2022-04-16 09:57:24 [info]: 	user validated build settings for C:\Users\utkar\Documents\AllDockerCompose\xrpl-nft-creator\output\example1650103028739 
2022-04-16 09:57:24 [info]: 	 
2022-04-16 09:58:10 [info]: 	(IPFS) content base string recorded as: ipfs://bafkreifsrsklegk4r3jft4fucwvo4pzzwczjecsfg5qrjgp2arevnel2ee/ 
2022-04-16 09:58:10 [info]: 	 
2022-04-16 09:58:10 [warn]: 	YOU MUST FUND THE NFT ADDRESS w/ 20+ XRP (CLASSIC): 'rKHx61DGFRZU6SLchLSDRMShFjm6L1BhBu' (XADDRESS): 'XVVwrKsPXieZ6fLbn6pMiU9fYjoiwGNFkwrwE68tdRVLhhQ' 
2022-04-16 09:58:10 [warn]: 	validation completed, wallet rKHx61DGFRZU6SLchLSDRMShFjm6L1BhBu is funded 
2022-04-16 09:58:10 [info]: 	Domain value: 
@xnft:
ipfs:bafkreifsrsklegk4r3jft4fucwvo4pzzwczjecsfg5qrjgp2arevnel2ee
http:nft.xrpfs.com
Value size: 91 of 256 bytes used 
2022-04-16 09:58:10 [info]: 	Domain value in hex: 40786E66743A0A697066733A6261666B726569667372736B6C65676B3472336A66743466756377766F34707A7A77637A6A65637366673571726A677032617265766E656C3265650A687474703A6E66742E78727066732E636F6D0A 
2022-04-16 09:58:10 [info]: 	Attempting to set rKHx61DGFRZU6SLchLSDRMShFjm6L1BhBu Domain field with resource settings... 
2022-04-16 09:58:11 [debug]: 	attempting submition of transaction: {"TransactionType":"AccountSet","Account":"rKHx61DGFRZU6SLchLSDRMShFjm6L1BhBu","Fee":"12","Sequence":26952146,"SetFlag":5,"Domain":"40786E66743A0A697066733A6261666B726569667372736B6C65676B3472336A66743466756377766F34707A7A77637A6A65637366673571726A677032617265766E656C3265650A687474703A6E66742E78727066732E636F6D0A"} 
2022-04-16 09:58:11 [debug]: 	tentative message: The transaction was applied. Only final in a validated ledger. 
2022-04-16 09:58:11 [info]: 	tx status code: tesSUCCESS , tx hash 4AB51D25F4B196375C76ED27C5CB9F4A8BDB6F5DA4290852573C47BB50961BF0 
2022-04-16 09:58:11 [info]: 	Validate your NFT data is live (IPFS)(Base Dir): ipfs://bafkreifsrsklegk4r3jft4fucwvo4pzzwczjecsfg5qrjgp2arevnel2ee/ 
2022-04-16 09:58:11 [info]: 	Validate your NFT base folder is live: https://gateway.ipfs.io/ipfs/bafkreifsrsklegk4r3jft4fucwvo4pzzwczjecsfg5qrjgp2arevnel2ee  
2022-04-16 09:58:11 [info]: 	See your Testnet NFT wallet here: https://testnet.xrpl.org/accounts/rKHx61DGFRZU6SLchLSDRMShFjm6L1BhBu 
2022-04-16 09:58:11 [info]: 	 
2022-04-16 09:58:11 [warn]: 	Script is set to end in 30 minutes 
2022-04-16 09:59:11 [debug]: 	this IPFS node now has 2 swarm peers... 
2022-04-16 10:00:11 [debug]: 	this IPFS node now has 0 swarm peers... 
2022-04-16 10:01:11 [debug]: 	this IPFS node now has 0 swarm peers... 
2022-04-16 10:02:11 [debug]: 	this IPFS node now has 0 swarm peers... 
2022-04-16 10:03:11 [debug]: 	this IPFS node now has 0 swarm peers... 
2022-04-16 10:04:42 [info]: 	starting IPFS node for content distribution 
2022-04-16 10:04:42 [info]: 	[object Object] 
2022-04-16 10:04:42 [info]: 	user validated build settings for C:\Users\utkar\Documents\AllDockerCompose\xrpl-nft-creator\output\example1650103482915 
2022-04-16 10:04:42 [info]: 	created build destination: 'C:\Users\utkar\Documents\AllDockerCompose\xrpl-nft-creator\output\example1650103482915' 
2022-04-16 10:04:42 [info]: 	copying date from source 'C:/Users\utkar\Documents\AllDockerCompose\xrpl-nft-creator\input\Example\content' to 'C:\Users\utkar\Documents\AllDockerCompose\xrpl-nft-creator\output\example1650103482915' 
2022-04-16 10:04:42 [info]: 	 
2022-04-16 10:04:42 [info]: 	gathering IPFS CID & SHA256 hashes to add to meta data file... 
2022-04-16 10:04:43 [info]: 	adding '/example1650103482915/example.json' with cid hash '0ec3f9bacebbd71e868f8d04f35dfd0668f1286ab55d62154194eb3226e609bd' to meta data... 
2022-04-16 10:04:43 [info]: 	Init connection to xrp ledger: "wss://s.altnet.rippletest.net" 
2022-04-16 10:04:44 [info]: 	account secret appears valid: 'ss71fBzFpSXMixT6ZBoXNgkFeBo9y' 
2022-04-16 10:04:44 [info]: 	NFT Wallet Address: (Classic)  'rKHx61DGFRZU6SLchLSDRMShFjm6L1BhBu' 
2022-04-16 10:04:44 [info]: 	 
2022-04-16 10:04:44 [info]: 	writting data to meta file: C:\Users\utkar\Documents\AllDockerCompose\xrpl-nft-creator\output\example1650103482915\meta.json 
2022-04-16 10:04:44 [info]: 	user validated build settings for C:\Users\utkar\Documents\AllDockerCompose\xrpl-nft-creator\output\example1650103482915 
2022-04-16 10:04:44 [info]: 	 
2022-04-16 10:04:59 [info]: 	(IPFS) content base string recorded as: ipfs://bafkreifsrsklegk4r3jft4fucwvo4pzzwczjecsfg5qrjgp2arevnel2ee/ 
2022-04-16 10:04:59 [info]: 	 
2022-04-16 10:04:59 [warn]: 	YOU MUST FUND THE NFT ADDRESS w/ 20+ XRP (CLASSIC): 'rKHx61DGFRZU6SLchLSDRMShFjm6L1BhBu' (XADDRESS): 'XVVwrKsPXieZ6fLbn6pMiU9fYjoiwGNFkwrwE68tdRVLhhQ' 
2022-04-16 10:04:59 [warn]: 	validation completed, wallet rKHx61DGFRZU6SLchLSDRMShFjm6L1BhBu is funded 
2022-04-16 10:04:59 [info]: 	Domain value: 
@xnft:
ipfs:bafkreifsrsklegk4r3jft4fucwvo4pzzwczjecsfg5qrjgp2arevnel2ee
http:nft.xrpfs.com
Value size: 91 of 256 bytes used 
2022-04-16 10:04:59 [info]: 	Domain value in hex: 40786E66743A0A697066733A6261666B726569667372736B6C65676B3472336A66743466756377766F34707A7A77637A6A65637366673571726A677032617265766E656C3265650A687474703A6E66742E78727066732E636F6D0A 
2022-04-16 10:04:59 [info]: 	Attempting to set rKHx61DGFRZU6SLchLSDRMShFjm6L1BhBu Domain field with resource settings... 
2022-04-16 10:05:00 [debug]: 	attempting submition of transaction: {"TransactionType":"AccountSet","Account":"rKHx61DGFRZU6SLchLSDRMShFjm6L1BhBu","Fee":"12","Sequence":26952147,"SetFlag":5,"Domain":"40786E66743A0A697066733A6261666B726569667372736B6C65676B3472336A66743466756377766F34707A7A77637A6A65637366673571726A677032617265766E656C3265650A687474703A6E66742E78727066732E636F6D0A"} 
2022-04-16 10:05:00 [debug]: 	tentative message: The transaction was applied. Only final in a validated ledger. 
2022-04-16 10:05:00 [info]: 	tx status code: tesSUCCESS , tx hash 800C7D4EF2E41FA291C8E3FFD17046C3B21F7A9BDA5AA90391724AD31E434A52 
2022-04-16 10:05:00 [info]: 	Validate your NFT data is live (IPFS)(Base Dir): ipfs://bafkreifsrsklegk4r3jft4fucwvo4pzzwczjecsfg5qrjgp2arevnel2ee/ 
2022-04-16 10:05:00 [info]: 	Validate your NFT base folder is live: https://gateway.ipfs.io/ipfs/bafkreifsrsklegk4r3jft4fucwvo4pzzwczjecsfg5qrjgp2arevnel2ee  
2022-04-16 10:05:00 [info]: 	See your Testnet NFT wallet here: https://testnet.xrpl.org/accounts/rKHx61DGFRZU6SLchLSDRMShFjm6L1BhBu 
2022-04-16 10:05:00 [info]: 	 
2022-04-16 10:05:00 [warn]: 	Script is set to end in 30 minutes 
2022-04-16 10:06:00 [error]: 	error in CatchError:: argument is not an object 
2022-04-16 10:07:40 [info]: 	starting IPFS node for content distribution 
2022-04-16 10:07:40 [info]: 	[object Object] 
2022-04-16 10:07:40 [info]: 	user validated build settings for C:\Users\utkar\Documents\AllDockerCompose\xrpl-nft-creator\output\example1650103660507 
2022-04-16 10:07:40 [info]: 	created build destination: 'C:\Users\utkar\Documents\AllDockerCompose\xrpl-nft-creator\output\example1650103660507' 
2022-04-16 10:07:40 [info]: 	copying date from source 'C:/Users\utkar\Documents\AllDockerCompose\xrpl-nft-creator\input\Example\content' to 'C:\Users\utkar\Documents\AllDockerCompose\xrpl-nft-creator\output\example1650103660507' 
2022-04-16 10:07:40 [info]: 	 
2022-04-16 10:07:40 [info]: 	gathering IPFS CID & SHA256 hashes to add to meta data file... 
2022-04-16 10:07:40 [info]: 	adding '/example1650103660507/example.json' with cid hash '0ec3f9bacebbd71e868f8d04f35dfd0668f1286ab55d62154194eb3226e609bd' to meta data... 
2022-04-16 10:07:40 [info]: 	Init connection to xrp ledger: "wss://s.altnet.rippletest.net" 
2022-04-16 10:07:42 [info]: 	account secret appears valid: 'ss71fBzFpSXMixT6ZBoXNgkFeBo9y' 
2022-04-16 10:07:42 [info]: 	NFT Wallet Address: (Classic)  'rKHx61DGFRZU6SLchLSDRMShFjm6L1BhBu' 
2022-04-16 10:07:42 [info]: 	 
2022-04-16 10:07:42 [info]: 	writting data to meta file: C:\Users\utkar\Documents\AllDockerCompose\xrpl-nft-creator\output\example1650103660507\meta.json 
2022-04-16 10:07:42 [info]: 	user validated build settings for C:\Users\utkar\Documents\AllDockerCompose\xrpl-nft-creator\output\example1650103660507 
2022-04-16 10:07:42 [info]: 	 
2022-04-16 10:07:55 [info]: 	(IPFS) content base string recorded as: ipfs://bafkreifsrsklegk4r3jft4fucwvo4pzzwczjecsfg5qrjgp2arevnel2ee/ 
2022-04-16 10:07:55 [info]: 	 
2022-04-16 10:07:55 [warn]: 	YOU MUST FUND THE NFT ADDRESS w/ 20+ XRP (CLASSIC): 'rKHx61DGFRZU6SLchLSDRMShFjm6L1BhBu' (XADDRESS): 'XVVwrKsPXieZ6fLbn6pMiU9fYjoiwGNFkwrwE68tdRVLhhQ' 
2022-04-16 10:07:55 [warn]: 	validation completed, wallet rKHx61DGFRZU6SLchLSDRMShFjm6L1BhBu is funded 
2022-04-16 10:07:55 [info]: 	Domain value: 
@xnft:
ipfs:bafkreifsrsklegk4r3jft4fucwvo4pzzwczjecsfg5qrjgp2arevnel2ee
http:nft.xrpfs.com
Value size: 91 of 256 bytes used 
2022-04-16 10:07:55 [info]: 	Domain value in hex: 40786E66743A0A697066733A6261666B726569667372736B6C65676B3472336A66743466756377766F34707A7A77637A6A65637366673571726A677032617265766E656C3265650A687474703A6E66742E78727066732E636F6D0A 
2022-04-16 10:07:55 [info]: 	Attempting to set rKHx61DGFRZU6SLchLSDRMShFjm6L1BhBu Domain field with resource settings... 
2022-04-16 10:07:56 [debug]: 	attempting submition of transaction: {"TransactionType":"AccountSet","Account":"rKHx61DGFRZU6SLchLSDRMShFjm6L1BhBu","Fee":"12","Sequence":26952148,"SetFlag":5,"Domain":"40786E66743A0A697066733A6261666B726569667372736B6C65676B3472336A66743466756377766F34707A7A77637A6A65637366673571726A677032617265766E656C3265650A687474703A6E66742E78727066732E636F6D0A"} 
2022-04-16 10:07:56 [debug]: 	tentative message: The transaction was applied. Only final in a validated ledger. 
2022-04-16 10:07:56 [info]: 	tx status code: tesSUCCESS , tx hash 4BB7BB4B291403B1BD203E7ACBFA7499AF0D74C3621856EC0CAEC95B203139EA 
2022-04-16 10:07:56 [info]: 	Validate your NFT data is live (IPFS)(Base Dir): ipfs://bafkreifsrsklegk4r3jft4fucwvo4pzzwczjecsfg5qrjgp2arevnel2ee/ 
2022-04-16 10:07:56 [info]: 	Validate your NFT base folder is live: https://gateway.ipfs.io/ipfs/bafkreifsrsklegk4r3jft4fucwvo4pzzwczjecsfg5qrjgp2arevnel2ee  
2022-04-16 10:07:56 [info]: 	See your Testnet NFT wallet here: https://testnet.xrpl.org/accounts/rKHx61DGFRZU6SLchLSDRMShFjm6L1BhBu 
2022-04-16 10:07:56 [info]: 	 
2022-04-16 10:07:56 [warn]: 	Script is set to end in 30 minutes 
2022-04-16 10:55:23 [info]: 	starting IPFS node for content distribution 
2022-04-16 10:55:23 [info]: 	[object Object] 
2022-04-16 10:55:23 [info]: 	user validated build settings for C:\Users\utkar\Documents\code\la-sbom-ledger\sbom-ledger\output\example1650106523737 
2022-04-16 10:55:23 [info]: 	created build destination: 'C:\Users\utkar\Documents\code\la-sbom-ledger\sbom-ledger\output\example1650106523737' 
2022-04-16 10:55:23 [info]: 	copying date from source 'C:/Users\utkar\Documents\AllDockerCompose\xrpl-nft-creator\input\Example\content' to 'C:\Users\utkar\Documents\code\la-sbom-ledger\sbom-ledger\output\example1650106523737' 
2022-04-16 10:55:23 [info]: 	 
2022-04-16 10:55:23 [info]: 	gathering IPFS CID & SHA256 hashes to add to meta data file... 
2022-04-16 10:55:23 [info]: 	adding '/example1650106523737/example.json' with cid hash '0ec3f9bacebbd71e868f8d04f35dfd0668f1286ab55d62154194eb3226e609bd' to meta data... 
2022-04-16 10:55:23 [info]: 	Init connection to xrp ledger: "wss://s.altnet.rippletest.net" 
2022-04-16 10:55:25 [info]: 	account secret appears valid: 'ss71fBzFpSXMixT6ZBoXNgkFeBo9y' 
2022-04-16 10:55:25 [info]: 	NFT Wallet Address: (Classic)  'rKHx61DGFRZU6SLchLSDRMShFjm6L1BhBu' 
2022-04-16 10:55:25 [info]: 	 
2022-04-16 10:55:25 [info]: 	writting data to meta file: C:\Users\utkar\Documents\code\la-sbom-ledger\sbom-ledger\output\example1650106523737\meta.json 
2022-04-16 10:55:25 [info]: 	user validated build settings for C:\Users\utkar\Documents\code\la-sbom-ledger\sbom-ledger\output\example1650106523737 
2022-04-16 10:55:25 [info]: 	 
2022-04-16 10:55:38 [info]: 	(IPFS) content base string recorded as: ipfs://bafkreifsrsklegk4r3jft4fucwvo4pzzwczjecsfg5qrjgp2arevnel2ee/ 
2022-04-16 10:55:38 [info]: 	 
2022-04-16 10:55:38 [warn]: 	YOU MUST FUND THE NFT ADDRESS w/ 20+ XRP (CLASSIC): 'rKHx61DGFRZU6SLchLSDRMShFjm6L1BhBu' (XADDRESS): 'XVVwrKsPXieZ6fLbn6pMiU9fYjoiwGNFkwrwE68tdRVLhhQ' 
2022-04-16 10:55:38 [warn]: 	validation completed, wallet rKHx61DGFRZU6SLchLSDRMShFjm6L1BhBu is funded 
2022-04-16 10:55:38 [info]: 	Domain value: 
@xnft:
ipfs:bafkreifsrsklegk4r3jft4fucwvo4pzzwczjecsfg5qrjgp2arevnel2ee
http:nft.xrpfs.com
Value size: 91 of 256 bytes used 
2022-04-16 10:55:38 [info]: 	Domain value in hex: 40786E66743A0A697066733A6261666B726569667372736B6C65676B3472336A66743466756377766F34707A7A77637A6A65637366673571726A677032617265766E656C3265650A687474703A6E66742E78727066732E636F6D0A 
2022-04-16 10:55:38 [info]: 	Attempting to set rKHx61DGFRZU6SLchLSDRMShFjm6L1BhBu Domain field with resource settings... 
2022-04-16 10:55:40 [debug]: 	attempting submition of transaction: {"TransactionType":"AccountSet","Account":"rKHx61DGFRZU6SLchLSDRMShFjm6L1BhBu","Fee":"12","Sequence":26952149,"SetFlag":5,"Domain":"40786E66743A0A697066733A6261666B726569667372736B6C65676B3472336A66743466756377766F34707A7A77637A6A65637366673571726A677032617265766E656C3265650A687474703A6E66742E78727066732E636F6D0A"} 
2022-04-16 10:55:40 [debug]: 	tentative message: The transaction was applied. Only final in a validated ledger. 
2022-04-16 10:55:40 [info]: 	tx status code: tesSUCCESS , tx hash 183EBB9C3DE1C5F47A5D4997EA2E0F672A9D51970876C32213338FBA34BF85CE 
2022-04-16 10:55:40 [info]: 	Validate your NFT data is live (IPFS)(Base Dir): ipfs://bafkreifsrsklegk4r3jft4fucwvo4pzzwczjecsfg5qrjgp2arevnel2ee/ 
2022-04-16 10:55:40 [info]: 	Validate your NFT base folder is live: https://gateway.ipfs.io/ipfs/bafkreifsrsklegk4r3jft4fucwvo4pzzwczjecsfg5qrjgp2arevnel2ee  
2022-04-16 10:55:40 [info]: 	See your Testnet NFT wallet here: https://testnet.xrpl.org/accounts/rKHx61DGFRZU6SLchLSDRMShFjm6L1BhBu 
2022-04-16 10:55:40 [info]: 	 
2022-04-16 10:55:40 [warn]: 	Script is set to end in 30 minutes 
2022-04-16 11:01:39 [info]: 	starting IPFS node for content distribution 
2022-04-16 11:01:39 [info]: 	[object Object] 
2022-04-16 11:01:39 [info]: 	user validated build settings for C:\Users\utkar\Documents\code\la-sbom-ledger\sbom-ledger\output\example1650106899009 
2022-04-16 11:01:39 [info]: 	created build destination: 'C:\Users\utkar\Documents\code\la-sbom-ledger\sbom-ledger\output\example1650106899009' 
2022-04-16 11:01:39 [info]: 	copying date from source 'C:/Users\utkar\Documents\AllDockerCompose\xrpl-nft-creator\input\Example\content' to 'C:\Users\utkar\Documents\code\la-sbom-ledger\sbom-ledger\output\example1650106899009' 
2022-04-16 11:01:39 [info]: 	 
2022-04-16 11:01:39 [info]: 	gathering IPFS CID & SHA256 hashes to add to meta data file... 
2022-04-16 11:01:39 [info]: 	adding '/example1650106899009/example.json' with cid hash '0ec3f9bacebbd71e868f8d04f35dfd0668f1286ab55d62154194eb3226e609bd' to meta data... 
2022-04-16 11:01:39 [info]: 	Init connection to xrp ledger: "wss://s.altnet.rippletest.net" 
2022-04-16 11:01:40 [info]: 	account secret appears valid: 'ss71fBzFpSXMixT6ZBoXNgkFeBo9y' 
2022-04-16 11:01:40 [info]: 	NFT Wallet Address: (Classic)  'rKHx61DGFRZU6SLchLSDRMShFjm6L1BhBu' 
2022-04-16 11:01:40 [info]: 	 
2022-04-16 11:01:40 [info]: 	writting data to meta file: C:\Users\utkar\Documents\code\la-sbom-ledger\sbom-ledger\output\example1650106899009\meta.json 
2022-04-16 11:01:40 [info]: 	user validated build settings for C:\Users\utkar\Documents\code\la-sbom-ledger\sbom-ledger\output\example1650106899009 
2022-04-16 11:01:40 [info]: 	 
2022-04-16 11:01:53 [info]: 	(IPFS) content base string recorded as: ipfs://bafkreifsrsklegk4r3jft4fucwvo4pzzwczjecsfg5qrjgp2arevnel2ee/ 
2022-04-16 11:01:53 [info]: 	 
2022-04-16 11:01:53 [warn]: 	YOU MUST FUND THE NFT ADDRESS w/ 20+ XRP (CLASSIC): 'rKHx61DGFRZU6SLchLSDRMShFjm6L1BhBu' (XADDRESS): 'XVVwrKsPXieZ6fLbn6pMiU9fYjoiwGNFkwrwE68tdRVLhhQ' 
2022-04-16 11:01:53 [warn]: 	validation completed, wallet rKHx61DGFRZU6SLchLSDRMShFjm6L1BhBu is funded 
2022-04-16 11:01:53 [info]: 	Domain value: 
@xnft:
ipfs:bafkreifsrsklegk4r3jft4fucwvo4pzzwczjecsfg5qrjgp2arevnel2ee
http:nft.xrpfs.com
Value size: 91 of 256 bytes used 
2022-04-16 11:01:53 [info]: 	Domain value in hex: 40786E66743A0A697066733A6261666B726569667372736B6C65676B3472336A66743466756377766F34707A7A77637A6A65637366673571726A677032617265766E656C3265650A687474703A6E66742E78727066732E636F6D0A 
2022-04-16 11:01:53 [info]: 	Attempting to set rKHx61DGFRZU6SLchLSDRMShFjm6L1BhBu Domain field with resource settings... 
2022-04-16 11:01:54 [debug]: 	attempting submition of transaction: {"TransactionType":"AccountSet","Account":"rKHx61DGFRZU6SLchLSDRMShFjm6L1BhBu","Fee":"12","Sequence":26952150,"SetFlag":5,"Domain":"40786E66743A0A697066733A6261666B726569667372736B6C65676B3472336A66743466756377766F34707A7A77637A6A65637366673571726A677032617265766E656C3265650A687474703A6E66742E78727066732E636F6D0A"} 
2022-04-16 11:01:54 [debug]: 	tentative message: The transaction was applied. Only final in a validated ledger. 
2022-04-16 11:01:54 [info]: 	tx status code: tesSUCCESS , tx hash 9D5E4E6FD54B4E5E1FAF769AE5EA7E9E75E61BD38188828DC37D96A887B6D665 
2022-04-16 11:01:54 [info]: 	Validate your NFT data is live (IPFS)(Base Dir): ipfs://bafkreifsrsklegk4r3jft4fucwvo4pzzwczjecsfg5qrjgp2arevnel2ee/ 
2022-04-16 11:01:54 [info]: 	Validate your NFT base folder is live: https://gateway.ipfs.io/ipfs/bafkreifsrsklegk4r3jft4fucwvo4pzzwczjecsfg5qrjgp2arevnel2ee  
2022-04-16 11:01:54 [info]: 	See your Testnet NFT wallet here: https://testnet.xrpl.org/accounts/rKHx61DGFRZU6SLchLSDRMShFjm6L1BhBu 
2022-04-16 11:01:54 [info]: 	 
2022-04-16 11:01:54 [warn]: 	Script is set to end in 30 minutes 
